Arguments: 
  /usr/local/bin/node /Users/robinmollah/.yarn/bin/yarn.js

PATH: 
  /Users/robinmollah/opt/anaconda3/bin:/Users/robinmollah/opt/anaconda3/condabin:/Users/robinmollah/.yarn/bin:/Users/robinmollah/.config/yarn/global/node_modules/.bin:/usr/local/bin:/usr/bin:/bin:/usr/sbin:/sbin:/Users/robinmollah/Library/Android/sdk/platform-tools:/usr/local/share/dotnet:~/.dotnet/tools:/Library/Apple/usr/bin:/Library/Frameworks/Mono.framework/Versions/Current/Commands:/Users/robinmollah/IdeaProjects/amazon-chime-sdk-js/node_modules/.bin:/Users/robinmollah/Library/Android/sdk/emulator:/Users/robinmollah/Library/Android/sdk/tools:/Users/robinmollah/Library/Android/sdk/tools/bin:/Users/robinmollah/Library/Android/sdk/platform-tools:/Users/robinmollah/Downloads/flutter/bin

Yarn version: 
  1.22.5

Node version: 
  12.18.4

Platform: 
  darwin x64

Trace: 
  Error: ENOENT: no such file or directory, copyfile '/Users/robinmollah/IdeaProjects/amazon-chime-sdk-js/demos/browser/package-lock.json' -> '/Users/robinmollah/Library/Caches/Yarn/v6/npm-amazon-chime-sdk-js-2.1.0-c3aef4c6-a296-400c-992a-9a4039a19adb-1609408015771/node_modules/amazon-chime-sdk-js/demos/browser/package-lock.json'

npm manifest: 
  {
    "name": "amazon-chime-sdk-js-demos",
    "version": "0.1.0",
    "description": "Amazon Chime SDK JavaScript Demos",
    "scripts": {
      "deps": "cd ../.. && npm run build",
      "build:fast": "tsc && webpack --config ./webpack.config.js",
      "build": "npm run deps && npm install && npm run build:fast",
      "start:fast": "npm run build:fast && node server.js",
      "start": "npm run deps && npm install && npm install aws-sdk && npm run start:fast"
    },
    "devDependencies": {
      "@types/jquery": "^3.5.1",
      "autoprefixer": "^9.0.0",
      "css-loader": "^4.3.0",
      "file-loader": "^6.1.0",
      "html-webpack-inline-source-plugin": "^0.0.10",
      "html-webpack-plugin": "^3.2.0",
      "markdown-it": "^11.0.1",
      "node-sass": "^4.14.1",
      "open-iconic": "^1.1.1",
      "postcss-loader": "^3.0.0",
      "precss": "^4.0.0",
      "raw-loader": "^4.0.1",
      "sass": "^1.26.11",
      "sass-loader": "^10.0.2",
      "style-loader": "^1.2.1",
      "ts-loader": "^8.0.4",
      "typescript": "^4.0.0",
      "webpack": "^4.44.2",
      "webpack-cli": "^3.3.12"
    },
    "dependencies": {
      "amazon-chime-sdk-js": "file:../..",
      "aws-sdk": "^2.817.0",
      "bootstrap": "^4.5.2",
      "compression": "^1.7.4",
      "jquery": "^3.5.1",
      "lodash": "^4.17.20",
      "popper.js": "^1.15.0"
    },
    "license": "Apache-2.0",
    "repository": {
      "type": "git",
      "url": "git://github.com/aws/amazon-chime-sdk-js"
    }
  }

yarn manifest: 
  No manifest

Lockfile: 
  No lockfile
